1644919881639	geckodriver	INFO	Listening on 127.0.0.1:55255
1644919882169	mozrunner::runner	INFO	Running command: "/Applications/Firefox.app/Contents/MacOS/firefox-bin" "--marionette" "--remote-debugging-port" "55256" "-foreground" "-no-remote" "-profile" "/var/folders/bn/4xwqdbh14g913m9vskfzc0t40000gn/T/rust_mozprofile8XtgfF"
1644919882829	Marionette	INFO	Marionette enabled
console.warn: SearchSettings: "get: No settings file exists, new profile?" (new NotFoundError("Could not open the file at /var/folders/bn/4xwqdbh14g913m9vskfzc0t40000gn/T/rust_mozprofile8XtgfF/search.json.mozlz4", (void 0)))
console.error: BackgroundUpdate: 
  _reasonsToNotScheduleUpdates: Failed to check for Maintenance Service Registry Key: [Exception... "Component returned failure code: 0x80004001 (NS_ERROR_NOT_IMPLEMENTED) [nsIUpdateProcessor.getServiceRegKeyExists]"  nsresult: "0x80004001 (NS_ERROR_NOT_IMPLEMENTED)"  location: "JS frame :: resource://gre/modules/BackgroundUpdate.jsm :: _reasonsToNotScheduleUpdates :: line 241"  data: no]
DevTools listening on ws://localhost:55256/devtools/browser/8c99fb17-b45c-4a30-852e-e17dd4d00426
1644919885160	Marionette	INFO	Listening on port 55262
1644919885210	RemoteAgent	WARN	TLS certificate errors will be ignored for this session
console.warn: LoginRecipes: "getRecipes: falling back to a synchronous message for:" "https://id.unity.com"
console.warn: LoginRecipes: "getRecipes: falling back to a synchronous message for:" "https://id.unity.com"
JavaScript error: resource://gre/modules/LoginManagerParent.jsm, line 136: TypeError: gRecipeManager is null
1644919889923	Marionette	WARN	Ignoring event 'DOMContentLoaded' because document has an invalid readyState of 'complete'.
JavaScript error: https://cdn.cookielaw.org/scripttemplates/6.25.0/otBannerSdk.js, line 7: TypeError: Bt(...).el[0] is undefined
1644920064373	Marionette	INFO	Stopped listening on port 55262

###!!! [Parent][PImageBridgeParent] Error: RunMessage(msgname=PImageBridge::Msg_WillClose) Channel closing: too late to send/recv, messages will be lost

1644965008510	geckodriver	INFO	Listening on 127.0.0.1:56784
1644965009036	mozrunner::runner	INFO	Running command: "/Applications/Firefox.app/Contents/MacOS/firefox-bin" "--marionette" "--remote-debugging-port" "56785" "-foreground" "-no-remote" "-profile" "/var/folders/bn/4xwqdbh14g913m9vskfzc0t40000gn/T/rust_mozprofileJhXBwC"
1644965009864	Marionette	INFO	Marionette enabled
console.warn: SearchSettings: "get: No settings file exists, new profile?" (new NotFoundError("Could not open the file at /var/folders/bn/4xwqdbh14g913m9vskfzc0t40000gn/T/rust_mozprofileJhXBwC/search.json.mozlz4", (void 0)))
console.error: BackgroundUpdate: 
  _reasonsToNotScheduleUpdates: Failed to check for Maintenance Service Registry Key: [Exception... "Component returned failure code: 0x80004001 (NS_ERROR_NOT_IMPLEMENTED) [nsIUpdateProcessor.getServiceRegKeyExists]"  nsresult: "0x80004001 (NS_ERROR_NOT_IMPLEMENTED)"  location: "JS frame :: resource://gre/modules/BackgroundUpdate.jsm :: _reasonsToNotScheduleUpdates :: line 241"  data: no]
DevTools listening on ws://localhost:56785/devtools/browser/46e807f7-3faa-416d-b162-44a99b987127
1644965012114	Marionette	INFO	Listening on port 56790
1644965012185	RemoteAgent	WARN	TLS certificate errors will be ignored for this session
console.warn: LoginRecipes: "getRecipes: falling back to a synchronous message for:" "https://id.unity.com"
console.warn: LoginRecipes: "getRecipes: falling back to a synchronous message for:" "https://id.unity.com"
JavaScript error: resource://gre/modules/LoginManagerParent.jsm, line 136: TypeError: gRecipeManager is null
1644965015575	Marionette	WARN	Ignoring event 'DOMContentLoaded' because document has an invalid readyState of 'complete'.
1644965036361	Marionette	WARN	TimedPromise timed out after 500 ms: stacktrace:
TimedPromise/<@chrome://remote/content/marionette/sync.js:235:19
TimedPromise@chrome://remote/content/marionette/sync.js:220:10
interaction.flushEventLoop@chrome://remote/content/marionette/interaction.js:431:10
webdriverClickElement@chrome://remote/content/marionette/interaction.js:179:31
1644965037101	Marionette	WARN	TimedPromise timed out after 500 ms: stacktrace:
TimedPromise/<@chrome://remote/content/marionette/sync.js:235:19
TimedPromise@chrome://remote/content/marionette/sync.js:220:10
interaction.flushEventLoop@chrome://remote/content/marionette/interaction.js:431:10
webdriverClickElement@chrome://remote/content/marionette/interaction.js:179:31
1644965040436	Marionette	INFO	Stopped listening on port 56790
JavaScript error: chrome://remote/content/marionette/cert.js, line 55: NS_ERROR_NOT_AVAILABLE: Component returned failure code: 0x80040111 (NS_ERROR_NOT_AVAILABLE) [nsICertOverrideService.setDisableAllSecurityChecksAndLetAttackersInterceptMyData]

###!!! [Parent][PImageBridgeParent] Error: RunMessage(msgname=PImageBridge::Msg_WillClose) Channel closing: too late to send/recv, messages will be lost

1644965046068	geckodriver	INFO	Listening on 127.0.0.1:56938
1644965046081	mozrunner::runner	INFO	Running command: "/Applications/Firefox.app/Contents/MacOS/firefox-bin" "--marionette" "--remote-debugging-port" "56939" "-foreground" "-no-remote" "-profile" "/var/folders/bn/4xwqdbh14g913m9vskfzc0t40000gn/T/rust_mozprofileTrjrfO"
1644965046721	Marionette	INFO	Marionette enabled
console.warn: SearchSettings: "get: No settings file exists, new profile?" (new NotFoundError("Could not open the file at /var/folders/bn/4xwqdbh14g913m9vskfzc0t40000gn/T/rust_mozprofileTrjrfO/search.json.mozlz4", (void 0)))
console.error: BackgroundUpdate: 
  _reasonsToNotScheduleUpdates: Failed to check for Maintenance Service Registry Key: [Exception... "Component returned failure code: 0x80004001 (NS_ERROR_NOT_IMPLEMENTED) [nsIUpdateProcessor.getServiceRegKeyExists]"  nsresult: "0x80004001 (NS_ERROR_NOT_IMPLEMENTED)"  location: "JS frame :: resource://gre/modules/BackgroundUpdate.jsm :: _reasonsToNotScheduleUpdates :: line 241"  data: no]
DevTools listening on ws://localhost:56939/devtools/browser/1f10ac77-eb16-4ef7-9894-eb9a4fb3450e
1644965049302	Marionette	INFO	Listening on port 56942
1644965049415	RemoteAgent	WARN	TLS certificate errors will be ignored for this session
console.warn: LoginRecipes: "getRecipes: falling back to a synchronous message for:" "https://id.unity.com"
console.warn: LoginRecipes: "getRecipes: falling back to a synchronous message for:" "https://id.unity.com"
JavaScript error: resource://gre/modules/LoginManagerParent.jsm, line 136: TypeError: gRecipeManager is null
1644965052442	Marionette	WARN	Ignoring event 'DOMContentLoaded' because document has an invalid readyState of 'complete'.
JavaScript error: https://cdn.cookielaw.org/scripttemplates/6.25.0/otBannerSdk.js, line 7: TypeError: Bt(...).el[0] is undefined
1644965214811	Marionette	INFO	Stopped listening on port 56942

###!!! [Parent][PImageBridgeParent] Error: RunMessage(msgname=PImageBridge::Msg_WillClose) Channel closing: too late to send/recv, messages will be lost

1644965723078	geckodriver	INFO	Listening on 127.0.0.1:57179
1644965723095	mozrunner::runner	INFO	Running command: "/Applications/Firefox.app/Contents/MacOS/firefox-bin" "--marionette" "--remote-debugging-port" "57180" "-foreground" "-no-remote" "-profile" "/var/folders/bn/4xwqdbh14g913m9vskfzc0t40000gn/T/rust_mozprofilePDo5sQ"
1644965723848	Marionette	INFO	Marionette enabled
console.warn: SearchSettings: "get: No settings file exists, new profile?" (new NotFoundError("Could not open the file at /var/folders/bn/4xwqdbh14g913m9vskfzc0t40000gn/T/rust_mozprofilePDo5sQ/search.json.mozlz4", (void 0)))
console.error: BackgroundUpdate: 
  _reasonsToNotScheduleUpdates: Failed to check for Maintenance Service Registry Key: [Exception... "Component returned failure code: 0x80004001 (NS_ERROR_NOT_IMPLEMENTED) [nsIUpdateProcessor.getServiceRegKeyExists]"  nsresult: "0x80004001 (NS_ERROR_NOT_IMPLEMENTED)"  location: "JS frame :: resource://gre/modules/BackgroundUpdate.jsm :: _reasonsToNotScheduleUpdates :: line 241"  data: no]
DevTools listening on ws://localhost:57180/devtools/browser/b7644cfc-3eaf-48d4-9456-57e425a96e44
1644965726290	Marionette	INFO	Listening on port 57183
1644965726342	RemoteAgent	WARN	TLS certificate errors will be ignored for this session
console.warn: LoginRecipes: "getRecipes: falling back to a synchronous message for:" "https://id.unity.com"
console.warn: LoginRecipes: "getRecipes: falling back to a synchronous message for:" "https://id.unity.com"
JavaScript error: resource://gre/modules/LoginManagerParent.jsm, line 136: TypeError: gRecipeManager is null
1644965730592	Marionette	WARN	Ignoring event 'DOMContentLoaded' because document has an invalid readyState of 'complete'.
JavaScript error: https://cdn.cookielaw.org/scripttemplates/6.25.0/otBannerSdk.js, line 7: TypeError: Bt(...).el[0] is undefined
1644965834493	Marionette	WARN	TimedPromise timed out after 500 ms: stacktrace:
TimedPromise/<@chrome://remote/content/marionette/sync.js:235:19
TimedPromise@chrome://remote/content/marionette/sync.js:220:10
interaction.flushEventLoop@chrome://remote/content/marionette/interaction.js:431:10
webdriverClickElement@chrome://remote/content/marionette/interaction.js:179:31
1644965905232	Marionette	INFO	Stopped listening on port 57183

###!!! [Child][PContentChild] Error: RunMessage(msgname=PContent::Reply_DiscardBrowsingContext) Channel closing: too late to send/recv, messages will be lost


###!!! [Child][PContentChild] Error: RunMessage(msgname=PContent::Reply_DiscardBrowsingContext) Channel closing: too late to send/recv, messages will be lost


###!!! [Child][PContentChild] Error: RunMessage(msgname=PContent::Reply_DiscardBrowsingContext) Channel closing: too late to send/recv, messages will be lost


###!!! [Child][PContentChild] Error: RunMessage(msgname=PContent::Reply_DiscardBrowsingContext) Channel closing: too late to send/recv, messages will be lost


###!!! [Child][PContentChild] Error: RunMessage(msgname=PContent::Reply_DiscardBrowsingContext) Channel closing: too late to send/recv, messages will be lost


###!!! [Child][PContentChild] Error: RunMessage(msgname=PContent::Reply_DiscardBrowsingContext) Channel closing: too late to send/recv, messages will be lost


###!!! [Child][PContentChild] Error: RunMessage(msgname=PContent::Reply_DiscardBrowsingContext) Channel closing: too late to send/recv, messages will be lost


###!!! [Child][PContentChild] Error: RunMessage(msgname=PContent::Reply_DiscardBrowsingContext) Channel closing: too late to send/recv, messages will be lost


###!!! [Child][PContentChild] Error: RunMessage(msgname=PContent::Reply_DiscardBrowsingContext) Channel closing: too late to send/recv, messages will be lost


###!!! [Child][PContentChild] Error: RunMessage(msgname=PContent::Msg_DestroyBrowsingContextGroup) Channel closing: too late to send/recv, messages will be lost


###!!! [Child][PContentChild] Error: RunMessage(msgname=PContent::Reply_DiscardBrowsingContext) Channel closing: too late to send/recv, messages will be lost


###!!! [Parent][PImageBridgeParent] Error: RunMessage(msgname=PImageBridge::Msg_WillClose) Channel closing: too late to send/recv, messages will be lost

1644966347386	geckodriver	INFO	Listening on 127.0.0.1:57440
1644966347402	mozrunner::runner	INFO	Running command: "/Applications/Firefox.app/Contents/MacOS/firefox-bin" "--marionette" "--remote-debugging-port" "57441" "-foreground" "-no-remote" "-profile" "/var/folders/bn/4xwqdbh14g913m9vskfzc0t40000gn/T/rust_mozprofileEVkRwd"
1644966348053	Marionette	INFO	Marionette enabled
console.warn: SearchSettings: "get: No settings file exists, new profile?" (new NotFoundError("Could not open the file at /var/folders/bn/4xwqdbh14g913m9vskfzc0t40000gn/T/rust_mozprofileEVkRwd/search.json.mozlz4", (void 0)))
console.error: BackgroundUpdate: 
  _reasonsToNotScheduleUpdates: Failed to check for Maintenance Service Registry Key: [Exception... "Component returned failure code: 0x80004001 (NS_ERROR_NOT_IMPLEMENTED) [nsIUpdateProcessor.getServiceRegKeyExists]"  nsresult: "0x80004001 (NS_ERROR_NOT_IMPLEMENTED)"  location: "JS frame :: resource://gre/modules/BackgroundUpdate.jsm :: _reasonsToNotScheduleUpdates :: line 241"  data: no]
DevTools listening on ws://localhost:57441/devtools/browser/fe62aadc-fe61-4f4c-9737-151a25197579
1644966349907	Marionette	INFO	Listening on port 57444
1644966349992	RemoteAgent	WARN	TLS certificate errors will be ignored for this session
console.warn: LoginRecipes: "getRecipes: falling back to a synchronous message for:" "https://id.unity.com"
console.warn: LoginRecipes: "getRecipes: falling back to a synchronous message for:" "https://id.unity.com"
JavaScript error: resource://gre/modules/LoginManagerParent.jsm, line 136: TypeError: gRecipeManager is null
1644966354270	Marionette	WARN	Ignoring event 'DOMContentLoaded' because document has an invalid readyState of 'complete'.
JavaScript error: https://cdn.cookielaw.org/scripttemplates/6.25.0/otBannerSdk.js, line 7: TypeError: Bt(...).el[0] is undefined
1644966527338	Marionette	INFO	Stopped listening on port 57444

###!!! [Parent][PImageBridgeParent] Error: RunMessage(msgname=PImageBridge::Msg_WillClose) Channel closing: too late to send/recv, messages will be lost

1644967522265	geckodriver	INFO	Listening on 127.0.0.1:57780
1644967522307	mozrunner::runner	INFO	Running command: "/Applications/Firefox.app/Contents/MacOS/firefox-bin" "--marionette" "--remote-debugging-port" "57781" "-foreground" "-no-remote" "-profile" "/var/folders/bn/4xwqdbh14g913m9vskfzc0t40000gn/T/rust_mozprofilegYG4kJ"
1644967523219	Marionette	INFO	Marionette enabled
console.warn: SearchSettings: "get: No settings file exists, new profile?" (new NotFoundError("Could not open the file at /var/folders/bn/4xwqdbh14g913m9vskfzc0t40000gn/T/rust_mozprofilegYG4kJ/search.json.mozlz4", (void 0)))
console.error: BackgroundUpdate: 
  _reasonsToNotScheduleUpdates: Failed to check for Maintenance Service Registry Key: [Exception... "Component returned failure code: 0x80004001 (NS_ERROR_NOT_IMPLEMENTED) [nsIUpdateProcessor.getServiceRegKeyExists]"  nsresult: "0x80004001 (NS_ERROR_NOT_IMPLEMENTED)"  location: "JS frame :: resource://gre/modules/BackgroundUpdate.jsm :: _reasonsToNotScheduleUpdates :: line 241"  data: no]
DevTools listening on ws://localhost:57781/devtools/browser/a81e8498-fd4e-4d6d-9125-96e55a99d083
1644967525701	Marionette	INFO	Listening on port 57784
1644967525820	RemoteAgent	WARN	TLS certificate errors will be ignored for this session
console.warn: LoginRecipes: "getRecipes: falling back to a synchronous message for:" "https://id.unity.com"
console.warn: LoginRecipes: "getRecipes: falling back to a synchronous message for:" "https://id.unity.com"
JavaScript error: resource://gre/modules/LoginManagerParent.jsm, line 136: TypeError: gRecipeManager is null
1644967533546	Marionette	WARN	Ignoring event 'DOMContentLoaded' because document has an invalid readyState of 'complete'.
JavaScript error: https://cdn.cookielaw.org/scripttemplates/6.25.0/otBannerSdk.js, line 7: TypeError: Bt(...).el[0] is undefined
1644967707289	Marionette	INFO	Stopped listening on port 57784

###!!! [Child][PContentChild] Error: RunMessage(msgname=PHttpChannel::Msg_DeleteSelf) Channel closing: too late to send/recv, messages will be lost


###!!! [Parent][PImageBridgeParent] Error: RunMessage(msgname=PImageBridge::Msg_WillClose) Channel closing: too late to send/recv, messages will be lost

1644967737377	geckodriver	INFO	Listening on 127.0.0.1:58008
1644967737409	mozrunner::runner	INFO	Running command: "/Applications/Firefox.app/Contents/MacOS/firefox-bin" "--marionette" "--remote-debugging-port" "58009" "-foreground" "-no-remote" "-profile" "/var/folders/bn/4xwqdbh14g913m9vskfzc0t40000gn/T/rust_mozprofileyf4NKq"
1644967738092	Marionette	INFO	Marionette enabled
console.warn: SearchSettings: "get: No settings file exists, new profile?" (new NotFoundError("Could not open the file at /var/folders/bn/4xwqdbh14g913m9vskfzc0t40000gn/T/rust_mozprofileyf4NKq/search.json.mozlz4", (void 0)))
console.error: BackgroundUpdate: 
  _reasonsToNotScheduleUpdates: Failed to check for Maintenance Service Registry Key: [Exception... "Component returned failure code: 0x80004001 (NS_ERROR_NOT_IMPLEMENTED) [nsIUpdateProcessor.getServiceRegKeyExists]"  nsresult: "0x80004001 (NS_ERROR_NOT_IMPLEMENTED)"  location: "JS frame :: resource://gre/modules/BackgroundUpdate.jsm :: _reasonsToNotScheduleUpdates :: line 241"  data: no]
DevTools listening on ws://localhost:58009/devtools/browser/0cce1296-1ce8-44c3-adee-30d3212b8b5f
1644967739987	Marionette	INFO	Listening on port 58012
1644967740111	RemoteAgent	WARN	TLS certificate errors will be ignored for this session
console.warn: LoginRecipes: "getRecipes: falling back to a synchronous message for:" "https://id.unity.com"
console.warn: LoginRecipes: "getRecipes: falling back to a synchronous message for:" "https://id.unity.com"
JavaScript error: resource://gre/modules/LoginManagerParent.jsm, line 136: TypeError: gRecipeManager is null
1644967743278	Marionette	WARN	Ignoring event 'DOMContentLoaded' because document has an invalid readyState of 'complete'.
JavaScript error: https://cdn.cookielaw.org/scripttemplates/6.25.0/otBannerSdk.js, line 7: TypeError: Bt(...).el[0] is undefined

###!!! [Parent][PBackgroundParent] Error: RunMessage(msgname=PBackgroundIDBDatabase::Msg_Close) Channel closing: too late to send/recv, messages will be lost

1644967905051	Marionette	INFO	Stopped listening on port 58012

###!!! [Parent][PImageBridgeParent] Error: RunMessage(msgname=PImageBridge::Msg_WillClose) Channel closing: too late to send/recv, messages will be lost

1644967957914	geckodriver	INFO	Listening on 127.0.0.1:58209
1644967957950	mozrunner::runner	INFO	Running command: "/Applications/Firefox.app/Contents/MacOS/firefox-bin" "--marionette" "--remote-debugging-port" "58210" "-foreground" "-no-remote" "-profile" "/var/folders/bn/4xwqdbh14g913m9vskfzc0t40000gn/T/rust_mozprofileli5JHU"
1644967958646	Marionette	INFO	Marionette enabled
console.warn: SearchSettings: "get: No settings file exists, new profile?" (new NotFoundError("Could not open the file at /var/folders/bn/4xwqdbh14g913m9vskfzc0t40000gn/T/rust_mozprofileli5JHU/search.json.mozlz4", (void 0)))
console.error: BackgroundUpdate: 
  _reasonsToNotScheduleUpdates: Failed to check for Maintenance Service Registry Key: [Exception... "Component returned failure code: 0x80004001 (NS_ERROR_NOT_IMPLEMENTED) [nsIUpdateProcessor.getServiceRegKeyExists]"  nsresult: "0x80004001 (NS_ERROR_NOT_IMPLEMENTED)"  location: "JS frame :: resource://gre/modules/BackgroundUpdate.jsm :: _reasonsToNotScheduleUpdates :: line 241"  data: no]
DevTools listening on ws://localhost:58210/devtools/browser/5e0dc6e7-de4e-4a0b-a158-eb4c940d2bd4
1644967960694	Marionette	INFO	Listening on port 58213
1644967960766	RemoteAgent	WARN	TLS certificate errors will be ignored for this session
console.warn: LoginRecipes: "getRecipes: falling back to a synchronous message for:" "https://id.unity.com"
console.warn: LoginRecipes: "getRecipes: falling back to a synchronous message for:" "https://id.unity.com"
JavaScript error: resource://gre/modules/LoginManagerParent.jsm, line 136: TypeError: gRecipeManager is null
1644967964992	Marionette	WARN	Ignoring event 'DOMContentLoaded' because document has an invalid readyState of 'complete'.
JavaScript error: https://cdn.cookielaw.org/scripttemplates/6.25.0/otBannerSdk.js, line 7: TypeError: Bt(...).el[0] is undefined
1644968136190	Marionette	INFO	Stopped listening on port 58213

###!!! [Parent][PImageBridgeParent] Error: RunMessage(msgname=PImageBridge::Msg_WillClose) Channel closing: too late to send/recv, messages will be lost

1644968203005	geckodriver	INFO	Listening on 127.0.0.1:58443
1644968203037	mozrunner::runner	INFO	Running command: "/Applications/Firefox.app/Contents/MacOS/firefox-bin" "--marionette" "--remote-debugging-port" "58444" "-foreground" "-no-remote" "-profile" "/var/folders/bn/4xwqdbh14g913m9vskfzc0t40000gn/T/rust_mozprofilet2E1vh"
1644968203654	Marionette	INFO	Marionette enabled
console.warn: SearchSettings: "get: No settings file exists, new profile?" (new NotFoundError("Could not open the file at /var/folders/bn/4xwqdbh14g913m9vskfzc0t40000gn/T/rust_mozprofilet2E1vh/search.json.mozlz4", (void 0)))
console.error: BackgroundUpdate: 
  _reasonsToNotScheduleUpdates: Failed to check for Maintenance Service Registry Key: [Exception... "Component returned failure code: 0x80004001 (NS_ERROR_NOT_IMPLEMENTED) [nsIUpdateProcessor.getServiceRegKeyExists]"  nsresult: "0x80004001 (NS_ERROR_NOT_IMPLEMENTED)"  location: "JS frame :: resource://gre/modules/BackgroundUpdate.jsm :: _reasonsToNotScheduleUpdates :: line 241"  data: no]
DevTools listening on ws://localhost:58444/devtools/browser/df7ae477-0ec7-4d92-b971-f554bc61b373
1644968205776	Marionette	INFO	Listening on port 58447
1644968205840	RemoteAgent	WARN	TLS certificate errors will be ignored for this session
console.warn: LoginRecipes: "getRecipes: falling back to a synchronous message for:" "https://id.unity.com"
console.warn: LoginRecipes: "getRecipes: falling back to a synchronous message for:" "https://id.unity.com"
JavaScript error: resource://gre/modules/LoginManagerParent.jsm, line 136: TypeError: gRecipeManager is null
1644968208932	Marionette	WARN	Ignoring event 'DOMContentLoaded' because document has an invalid readyState of 'complete'.
JavaScript error: https://cdn.cookielaw.org/scripttemplates/6.25.0/otBannerSdk.js, line 7: TypeError: Bt(...).el[0] is undefined
JavaScript warning: https://static.sketchfab.com/static/builds/web/dist/9b7fa1ad18edecea44140203007bdd6c-v2.js, line 2: WEBGL_debug_renderer_info is deprecated in Firefox and will be removed. Please use RENDERER.
JavaScript warning: https://static.sketchfab.com/static/builds/web/dist/9b7fa1ad18edecea44140203007bdd6c-v2.js, line 2: WEBGL_debug_renderer_info is deprecated in Firefox and will be removed. Please use RENDERER.
JavaScript warning: https://static.sketchfab.com/static/builds/web/dist/9b7fa1ad18edecea44140203007bdd6c-v2.js, line 2: WebGL context was lost.
1644968370268	Marionette	INFO	Stopped listening on port 58447

###!!! [Parent][PImageBridgeParent] Error: RunMessage(msgname=PImageBridge::Msg_WillClose) Channel closing: too late to send/recv, messages will be lost

1644968493118	geckodriver	INFO	Listening on 127.0.0.1:58612
1644968493150	mozrunner::runner	INFO	Running command: "/Applications/Firefox.app/Contents/MacOS/firefox-bin" "--marionette" "--remote-debugging-port" "58613" "-foreground" "-no-remote" "-profile" "/var/folders/bn/4xwqdbh14g913m9vskfzc0t40000gn/T/rust_mozprofileuaFt3N"
1644968493795	Marionette	INFO	Marionette enabled
console.warn: SearchSettings: "get: No settings file exists, new profile?" (new NotFoundError("Could not open the file at /var/folders/bn/4xwqdbh14g913m9vskfzc0t40000gn/T/rust_mozprofileuaFt3N/search.json.mozlz4", (void 0)))
console.error: BackgroundUpdate: 
  _reasonsToNotScheduleUpdates: Failed to check for Maintenance Service Registry Key: [Exception... "Component returned failure code: 0x80004001 (NS_ERROR_NOT_IMPLEMENTED) [nsIUpdateProcessor.getServiceRegKeyExists]"  nsresult: "0x80004001 (NS_ERROR_NOT_IMPLEMENTED)"  location: "JS frame :: resource://gre/modules/BackgroundUpdate.jsm :: _reasonsToNotScheduleUpdates :: line 241"  data: no]
DevTools listening on ws://localhost:58613/devtools/browser/399b7190-d2c8-41f7-825c-4e784539af5c
1644968495819	Marionette	INFO	Listening on port 58616
1644968495935	RemoteAgent	WARN	TLS certificate errors will be ignored for this session
console.warn: LoginRecipes: "getRecipes: falling back to a synchronous message for:" "https://id.unity.com"
console.warn: LoginRecipes: "getRecipes: falling back to a synchronous message for:" "https://id.unity.com"
JavaScript error: resource://gre/modules/LoginManagerParent.jsm, line 136: TypeError: gRecipeManager is null
1644968498972	Marionette	WARN	Ignoring event 'DOMContentLoaded' because document has an invalid readyState of 'complete'.
JavaScript error: https://cdn.cookielaw.org/scripttemplates/6.25.0/otBannerSdk.js, line 7: TypeError: Bt(...).el[0] is undefined
1644968660552	Marionette	INFO	Stopped listening on port 58616

###!!! [Parent][PImageBridgeParent] Error: RunMessage(msgname=PImageBridge::Msg_WillClose) Channel closing: too late to send/recv, messages will be lost

