1644918596226	geckodriver	INFO	Listening on 127.0.0.1:54847
1644918596244	mozrunner::runner	INFO	Running command: "/Applications/Firefox.app/Contents/MacOS/firefox-bin" "--marionette" "--remote-debugging-port" "54848" "-foreground" "-no-remote" "-profile" "/var/folders/bn/4xwqdbh14g913m9vskfzc0t40000gn/T/rust_mozprofilef2Wpk0"
1644918596808	Marionette	INFO	Marionette enabled
console.warn: SearchSettings: "get: No settings file exists, new profile?" (new NotFoundError("Could not open the file at /var/folders/bn/4xwqdbh14g913m9vskfzc0t40000gn/T/rust_mozprofilef2Wpk0/search.json.mozlz4", (void 0)))
console.error: BackgroundUpdate: 
  _reasonsToNotScheduleUpdates: Failed to check for Maintenance Service Registry Key: [Exception... "Component returned failure code: 0x80004001 (NS_ERROR_NOT_IMPLEMENTED) [nsIUpdateProcessor.getServiceRegKeyExists]"  nsresult: "0x80004001 (NS_ERROR_NOT_IMPLEMENTED)"  location: "JS frame :: resource://gre/modules/BackgroundUpdate.jsm :: _reasonsToNotScheduleUpdates :: line 241"  data: no]
DevTools listening on ws://localhost:54848/devtools/browser/2ec5374f-13b9-44a4-abe2-d8d014c843ee
1644918599074	Marionette	INFO	Listening on port 54851
1644918599161	RemoteAgent	WARN	TLS certificate errors will be ignored for this session
console.warn: LoginRecipes: "getRecipes: falling back to a synchronous message for:" "https://id.unity.com"
console.warn: LoginRecipes: "getRecipes: falling back to a synchronous message for:" "https://id.unity.com"
JavaScript error: resource://gre/modules/LoginManagerParent.jsm, line 136: TypeError: gRecipeManager is null
JavaScript error: , line 0: TypeError: NetworkError when attempting to fetch resource.
JavaScript error: https://cdn.cookielaw.org/scripttemplates/6.25.0/otBannerSdk.js, line 7: TypeError: r is undefined
1644918602475	Marionette	WARN	TimedPromise timed out after 500 ms: stacktrace:
TimedPromise/<@chrome://remote/content/marionette/sync.js:235:19
TimedPromise@chrome://remote/content/marionette/sync.js:220:10
interaction.flushEventLoop@chrome://remote/content/marionette/interaction.js:431:10
webdriverClickElement@chrome://remote/content/marionette/interaction.js:179:31
1644918602757	Marionette	WARN	Ignoring event 'DOMContentLoaded' because document has an invalid readyState of 'complete'.
JavaScript error: https://cdn.cookielaw.org/scripttemplates/6.25.0/otBannerSdk.js, line 7: TypeError: Bt(...).el[0] is undefined
1644961918146	Marionette	INFO	Stopped listening on port 54851
console.warn: TopSitesFeed: Failed to fetch data from Contile server: NetworkError when attempting to fetch resource.
